[2019-07-30 15:29:51.770][restartedMain][INFO][org.springframework.boot.StartupInfoLogger][48]:Starting TransbootApplication on zongshuaideMacBook-Pro.local with PID 32272 (/Users/zshuai/Documents/eclipseCode/springBoot/transboot/target/classes started by zshuai in /Users/zshuai/Documents/eclipseCode/springBoot/transboot)
[2019-07-30 15:29:51.770][restartedMain][INFO][org.springframework.boot.SpringApplication][659]:No active profile set, falling back to default profiles: default
[2019-07-30 15:29:51.773][restartedMain][INFO][org.springframework.context.support.AbstractApplicationContext][581]:Refreshing org.springframework.boot.context.embedded.AnnotationConfigEmbeddedWebApplicationContext@488a1967: startup date [Tue Jul 30 15:29:51 CST 2019]; root of context hierarchy
[2019-07-30 15:29:52.140][restartedMain][INFO][org.springframework.context.support.PostProcessorRegistrationDelegate$BeanPostProcessorChecker][328]:Bean 'org.springframework.transaction.annotation.ProxyTransactionManagementConfiguration' of type [class org.springframework.transaction.annotation.ProxyTransactionManagementConfiguration$$EnhancerBySpringCGLIB$$1a1365bd] is not eligible for getting processed by all BeanPostProcessors (for example: not eligible for auto-proxying)
[2019-07-30 15:29:52.200][restartedMain][INFO][org.springframework.boot.context.embedded.tomcat.TomcatEmbeddedServletContainer][88]:Tomcat initialized with port(s): 8010 (http)
[2019-07-30 15:29:52.201][restartedMain][INFO][org.apache.juli.logging.DirectJDKLog][179]:Starting service Tomcat
[2019-07-30 15:29:52.201][restartedMain][INFO][org.apache.juli.logging.DirectJDKLog][179]:Starting Servlet Engine: Apache Tomcat/8.5.4
[2019-07-30 15:29:52.204][localhost-startStop-1][INFO][org.apache.juli.logging.DirectJDKLog][179]:Initializing Spring embedded WebApplicationContext
[2019-07-30 15:29:52.205][localhost-startStop-1][INFO][org.springframework.boot.context.embedded.EmbeddedWebApplicationContext][276]:Root WebApplicationContext: initialization completed in 432 ms
[2019-07-30 15:29:52.238][localhost-startStop-1][INFO][org.springframework.boot.web.servlet.ServletRegistrationBean][190]:Mapping servlet: 'dispatcherServlet' to [/]
[2019-07-30 15:29:52.238][localhost-startStop-1][INFO][org.springframework.boot.web.servlet.AbstractFilterRegistrationBean][258]:Mapping filter: 'characterEncodingFilter' to: [/*]
[2019-07-30 15:29:52.239][localhost-startStop-1][INFO][org.springframework.boot.web.servlet.AbstractFilterRegistrationBean][258]:Mapping filter: 'hiddenHttpMethodFilter' to: [/*]
[2019-07-30 15:29:52.239][localhost-startStop-1][INFO][org.springframework.boot.web.servlet.AbstractFilterRegistrationBean][258]:Mapping filter: 'httpPutFormContentFilter' to: [/*]
[2019-07-30 15:29:52.239][localhost-startStop-1][INFO][org.springframework.boot.web.servlet.AbstractFilterRegistrationBean][258]:Mapping filter: 'requestContextFilter' to: [/*]
[2019-07-30 15:29:52.410][restartedMain][INFO][org.springframework.web.servlet.mvc.method.annotation.RequestMappingHandlerAdapter][534]:Looking for @ControllerAdvice: org.springframework.boot.context.embedded.AnnotationConfigEmbeddedWebApplicationContext@488a1967: startup date [Tue Jul 30 15:29:51 CST 2019]; root of context hierarchy
[2019-07-30 15:29:52.417][restartedMain][INFO][org.springframework.web.servlet.handler.AbstractHandlerMethodMapping$MappingRegistry][543]:Mapped "{[/user/add]}" onto public java.lang.String com.zshuai.controller.UserController.addUser()
[2019-07-30 15:29:52.419][restartedMain][INFO][org.springframework.web.servlet.handler.AbstractHandlerMethodMapping$MappingRegistry][543]:Mapped "{[/error]}" onto public org.springframework.http.ResponseEntity<java.util.Map<java.lang.String, java.lang.Object>> org.springframework.boot.autoconfigure.web.BasicErrorController.error(javax.servlet.http.HttpServletRequest)
[2019-07-30 15:29:52.419][restartedMain][INFO][org.springframework.web.servlet.handler.AbstractHandlerMethodMapping$MappingRegistry][543]:Mapped "{[/error],produces=[text/html]}" onto public org.springframework.web.servlet.ModelAndView org.springframework.boot.autoconfigure.web.BasicErrorController.errorHtml(javax.servlet.http.HttpServletRequest,javax.servlet.http.HttpServletResponse)
[2019-07-30 15:29:52.426][restartedMain][INFO][org.springframework.web.servlet.handler.AbstractUrlHandlerMapping][354]:Mapped URL path [/webjars/**] onto handler of type [class org.springframework.web.servlet.resource.ResourceHttpRequestHandler]
[2019-07-30 15:29:52.426][restartedMain][INFO][org.springframework.web.servlet.handler.AbstractUrlHandlerMapping][354]:Mapped URL path [/**] onto handler of type [class org.springframework.web.servlet.resource.ResourceHttpRequestHandler]
[2019-07-30 15:29:52.435][restartedMain][INFO][org.springframework.web.servlet.handler.AbstractUrlHandlerMapping][354]:Mapped URL path [/**/favicon.ico] onto handler of type [class org.springframework.web.servlet.resource.ResourceHttpRequestHandler]
[2019-07-30 15:29:52.463][restartedMain][INFO][org.springframework.boot.devtools.autoconfigure.OptionalLiveReloadServer][58]:LiveReload server is running on port 35729
[2019-07-30 15:29:52.500][restartedMain][INFO][org.springframework.jmx.export.MBeanExporter][431]:Registering beans for JMX exposure on startup
[2019-07-30 15:29:52.509][restartedMain][INFO][org.apache.juli.logging.DirectJDKLog][179]:Initializing ProtocolHandler ["http-nio-8010"]
[2019-07-30 15:29:52.509][restartedMain][INFO][org.apache.juli.logging.DirectJDKLog][179]:Starting ProtocolHandler [http-nio-8010]
[2019-07-30 15:29:52.509][restartedMain][INFO][org.apache.juli.logging.DirectJDKLog][179]:Using a shared selector for servlet write/read
[2019-07-30 15:29:52.511][restartedMain][INFO][org.springframework.boot.context.embedded.tomcat.TomcatEmbeddedServletContainer][186]:Tomcat started on port(s): 8010 (http)
[2019-07-30 15:29:52.512][restartedMain][INFO][org.springframework.boot.StartupInfoLogger][57]:Started TransbootApplication in 0.956 seconds (JVM running for 589.661)
[2019-07-30 15:29:52.513][restartedMain][INFO][com.zshuai.TransbootApplication][22]:info level
[2019-07-30 15:29:57.470][RMI TCP Connection(2)-127.0.0.1][INFO][org.springframework.boot.admin.SpringApplicationAdminMXBeanRegistrar$SpringApplicationAdmin][125]:Application shutdown requested.
[2019-07-30 15:29:57.470][RMI TCP Connection(2)-127.0.0.1][INFO][org.springframework.context.support.AbstractApplicationContext][982]:Closing org.springframework.boot.context.embedded.AnnotationConfigEmbeddedWebApplicationContext@488a1967: startup date [Tue Jul 30 15:29:51 CST 2019]; root of context hierarchy
[2019-07-30 15:29:57.472][RMI TCP Connection(2)-127.0.0.1][INFO][org.springframework.jmx.export.MBeanExporter][449]:Unregistering JMX-exposed beans on shutdown
